2018-02-24 15:25:31,457 [5] INFO  元宵灯谜.checkanswer -  GET GID=6,PNUM=5,ANSWER=AA
2018-02-24 15:25:32,142 [5] INFO  元宵灯谜.checkanswer -  RETURN {"status":"0"}
2018-02-24 15:26:05,721 [5] INFO  元宵灯谜.checkanswer -  GET GID=6,PNUM=5,ANSWER=面面俱到
2018-02-24 15:26:05,904 [5] INFO  元宵灯谜.checkanswer -  RETURN {"status":"0"}
2018-02-24 15:26:09,866 [5] INFO  元宵灯谜.checkanswer -  GET GID=6,PNUM=5,ANSWER=面面俱到
2018-02-24 15:26:10,052 [5] INFO  元宵灯谜.checkanswer -  RETURN {"status":"0"}
2018-02-24 15:26:18,351 [5] INFO  元宵灯谜.checkanswer -  GET GID=6,PNUM=5,ANSWER=面面俱到
2018-02-24 15:26:34,190 [5] INFO  元宵灯谜.checkanswer -  RETURN {"status":"0"}
2018-02-24 15:26:40,433 [8] INFO  元宵灯谜.checkanswer -  GET GID=6,PNUM=5,ANSWER=面面俱到
2018-02-24 15:27:33,178 [5] INFO  元宵灯谜.checkanswer -  GET GID=6,PNUM=5,ANSWER=屡见不鲜
2018-02-24 15:28:11,057 [5] INFO  元宵灯谜.checkanswer -  GET GID=6,PNUM=5,ANSWER=屡见不鲜
2018-02-24 15:28:12,945 [5] INFO  元宵灯谜.checkanswer -  RETURN {"status":"1"}
2018-02-24 15:28:21,832 [8] INFO  元宵灯谜.checkanswer -  GET GID=6,PNUM=5,ANSWER=aa
2018-02-24 15:28:23,673 [8] INFO  元宵灯谜.checkanswer -  RETURN {"status":"0"}
2018-02-24 15:35:20,983 [7] INFO  元宵灯谜.answering -  GET GID=3,PNUM=3,ANSWER=AA,COSTTIME=00:47
2018-02-24 15:35:21,346 [7] INFO  元宵灯谜.answering -  DATA A~B~C~D~->A~B~AA~D~
2018-02-24 15:35:21,723 [7] INFO  元宵灯谜.answering -  RETURN {"rquestion":"愚公之家","rtips":"打一成语","coanswer":"AA"}
2018-02-24 15:36:15,412 [5] INFO  元宵灯谜.answering -  GET GID=3,PNUM=3,ANSWER=DDA,COSTTIME=00:47
2018-02-24 15:43:16,355 [5] INFO  元宵灯谜.answering -  GET GID=3,PNUM=3,ANSWER=DDA,COSTTIME=00:47
2018-02-24 15:43:16,767 [5] INFO  元宵灯谜.answering -  DATA A~B~AA~D~->A~B~DDA~D~
2018-02-24 15:43:17,133 [5] INFO  元宵灯谜.answering -  RETURN {"rquestion":"愚公之家","rtips":"打一成语","coanswer":"DDA"}
2018-02-24 15:43:51,684 [7] INFO  元宵灯谜.answering -  GET GID=3,PNUM=3,ANSWER=DDA,COSTTIME=00:47
2018-02-24 15:43:51,864 [7] INFO  元宵灯谜.answering -  DATA A~B~A~D~->A~B~DDA~D~
2018-02-24 15:47:27,009 [7] INFO  元宵灯谜.answering -  GET GID=3,PNUM=0,ANSWER=DDA,COSTTIME=00:47
2018-02-24 15:47:27,315 [7] INFO  元宵灯谜.answering -  DATA getNew
2018-02-24 15:47:27,694 [7] INFO  元宵灯谜.answering -  RETURN {"rquestion":"打边鼓","rtips":"打一成语","coanswer":""}
2018-02-24 15:48:05,723 [7] INFO  元宵灯谜.answering -  GET GID=3,PNUM=1,ANSWER=bbA,COSTTIME=00:47
2018-02-24 15:48:05,912 [7] INFO  元宵灯谜.answering -  DATA A~B~C~D~->bbA~B~C~D~
2018-02-24 15:48:06,175 [7] INFO  元宵灯谜.answering -  RETURN {"rquestion":"笑死人","rtips":"打一成语","coanswer":"B"}
2018-02-24 15:48:55,050 [19] INFO  元宵灯谜.answering -  GET GID=3,PNUM=2,ANSWER=bbA,COSTTIME=00:47
2018-02-24 15:48:55,235 [19] INFO  元宵灯谜.answering -  DATA bbA~B~斤斤计较~开门见山~->bbA~bbA~斤斤计较~开门见山~
2018-02-24 15:48:55,493 [19] INFO  元宵灯谜.answering -  RETURN {"rquestion":"举重比赛","rtips":"打一成语","coanswer":"斤斤计较"}
2018-02-24 15:49:01,730 [8] INFO  元宵灯谜.answering -  GET GID=3,PNUM=3,ANSWER=bbA,COSTTIME=00:47
2018-02-24 15:49:01,913 [8] INFO  元宵灯谜.answering -  DATA bbA~bbA~斤斤计较~开门见山~->bbA~bbA~bbA~开门见山~
2018-02-24 15:49:02,176 [8] INFO  元宵灯谜.answering -  RETURN {"rquestion":"愚公之家","rtips":"打一成语","coanswer":"开门见山"}
